[debug] [2022-10-07T09:06:10.125Z] ----------------------------------------------------------------------
[debug] [2022-10-07T09:06:10.128Z] Command:       C:\Program Files\nodejs\node.exe C:\Users\rahul\AppData\Roaming\npm\node_modules\firebase-tools\lib\bin\firebase.js deploy --only functions,hosting
[debug] [2022-10-07T09:06:10.128Z] CLI Version:   7.0.0
[debug] [2022-10-07T09:06:10.128Z] Platform:      win32
[debug] [2022-10-07T09:06:10.128Z] Node Version:  v16.16.0
[debug] [2022-10-07T09:06:10.134Z] Time:          Fri Oct 07 2022 14:36:10 GMT+0530 (India Standard Time)
[debug] [2022-10-07T09:06:10.134Z] ----------------------------------------------------------------------
[debug] 
[debug] [2022-10-07T09:06:10.145Z] > command requires scopes: ["email","openid","https://www.googleapis.com/auth/cloudplatformprojects.readonly","https://www.googleapis.com/auth/firebase","https://www.googleapis.com/auth/cloud-platform"]
[debug] [2022-10-07T09:06:10.146Z] > authorizing via signed-in user
[debug] [2022-10-07T09:06:10.146Z] [iam] checking project portfolio-dev-54a28 for permissions ["cloudfunctions.functions.create","cloudfunctions.functions.delete","cloudfunctions.functions.get","cloudfunctions.functions.list","cloudfunctions.functions.update","cloudfunctions.operations.get","firebase.projects.get","firebasehosting.sites.update"]
[debug] [2022-10-07T09:06:10.147Z] >>> HTTP REQUEST POST https://cloudresourcemanager.googleapis.com/v1/projects/portfolio-dev-54a28:testIamPermissions  

[debug] [2022-10-07T09:06:13.193Z] <<< HTTP RESPONSE 200
[debug] [2022-10-07T09:06:13.197Z] >>> HTTP REQUEST GET https://firebase.googleapis.com/v1beta1/projects/portfolio-dev-54a28  
 
[debug] [2022-10-07T09:06:14.005Z] <<< HTTP RESPONSE 200
[debug] [2022-10-07T09:06:18.513Z] TypeError: Cannot read properties of undefined (reading 'wanted')
    at C:\Users\rahul\AppData\Roaming\npm\node_modules\firebase-tools\lib\checkFirebaseSDKVersion.js:37:51
    at processTicksAndRejections (node:internal/process/task_queues:96:5)
[error] 
[error] Error: An unexpected error has occurred.
[debug] [2022-10-07T09:06:46.413Z] ----------------------------------------------------------------------
[debug] [2022-10-07T09:06:46.416Z] Command:       C:\Program Files\nodejs\node.exe C:\Users\rahul\AppData\Roaming\npm\node_modules\firebase-tools\lib\bin\firebase.js deploy --only functions,hosting
[debug] [2022-10-07T09:06:46.416Z] CLI Version:   7.0.0
[debug] [2022-10-07T09:06:46.416Z] Platform:      win32
[debug] [2022-10-07T09:06:46.416Z] Node Version:  v16.16.0
[debug] [2022-10-07T09:06:46.418Z] Time:          Fri Oct 07 2022 14:36:46 GMT+0530 (India Standard Time)
[debug] [2022-10-07T09:06:46.418Z] ----------------------------------------------------------------------
[debug] 
[debug] [2022-10-07T09:06:46.433Z] > command requires scopes: ["email","openid","https://www.googleapis.com/auth/cloudplatformprojects.readonly","https://www.googleapis.com/auth/firebase","https://www.googleapis.com/auth/cloud-platform"]
[debug] [2022-10-07T09:06:46.433Z] > authorizing via signed-in user
[debug] [2022-10-07T09:06:46.434Z] [iam] checking project portfolio-dev-54a28 for permissions ["cloudfunctions.functions.create","cloudfunctions.functions.delete","cloudfunctions.functions.get","cloudfunctions.functions.list","cloudfunctions.functions.update","cloudfunctions.operations.get","firebase.projects.get","firebasehosting.sites.update"]
[debug] [2022-10-07T09:06:46.435Z] >>> HTTP REQUEST POST https://cloudresourcemanager.googleapis.com/v1/projects/portfolio-dev-54a28:testIamPermissions  

[debug] [2022-10-07T09:06:48.211Z] <<< HTTP RESPONSE 200
[debug] [2022-10-07T09:06:48.215Z] >>> HTTP REQUEST GET https://firebase.googleapis.com/v1beta1/projects/portfolio-dev-54a28  
 
[debug] [2022-10-07T09:06:48.820Z] <<< HTTP RESPONSE 200
[debug] [2022-10-07T09:06:52.923Z] TypeError: Cannot read properties of undefined (reading 'wanted')
    at C:\Users\rahul\AppData\Roaming\npm\node_modules\firebase-tools\lib\checkFirebaseSDKVersion.js:37:51
    at processTicksAndRejections (node:internal/process/task_queues:96:5)
[error] 
[error] Error: An unexpected error has occurred.
[debug] [2022-10-07T09:08:35.848Z] ----------------------------------------------------------------------
[debug] [2022-10-07T09:08:35.851Z] Command:       C:\Program Files\nodejs\node.exe C:\Users\rahul\AppData\Roaming\npm\node_modules\firebase-tools\lib\bin\firebase.js deploy --only functions,hosting
[debug] [2022-10-07T09:08:35.851Z] CLI Version:   7.0.0
[debug] [2022-10-07T09:08:35.851Z] Platform:      win32
[debug] [2022-10-07T09:08:35.851Z] Node Version:  v16.16.0
[debug] [2022-10-07T09:08:35.862Z] Time:          Fri Oct 07 2022 14:38:35 GMT+0530 (India Standard Time)
[debug] [2022-10-07T09:08:35.862Z] ----------------------------------------------------------------------
[debug] 
[debug] [2022-10-07T09:08:35.879Z] > command requires scopes: ["email","openid","https://www.googleapis.com/auth/cloudplatformprojects.readonly","https://www.googleapis.com/auth/firebase","https://www.googleapis.com/auth/cloud-platform"]
[debug] [2022-10-07T09:08:35.880Z] > authorizing via signed-in user
[debug] [2022-10-07T09:08:35.880Z] [iam] checking project portfolio-dev-54a28 for permissions ["cloudfunctions.functions.create","cloudfunctions.functions.delete","cloudfunctions.functions.get","cloudfunctions.functions.list","cloudfunctions.functions.update","cloudfunctions.operations.get","firebase.projects.get","firebasehosting.sites.update"]
[debug] [2022-10-07T09:08:35.883Z] >>> HTTP REQUEST POST https://cloudresourcemanager.googleapis.com/v1/projects/portfolio-dev-54a28:testIamPermissions  

[debug] [2022-10-07T09:08:38.392Z] <<< HTTP RESPONSE 200
[debug] [2022-10-07T09:08:38.399Z] >>> HTTP REQUEST GET https://firebase.googleapis.com/v1beta1/projects/portfolio-dev-54a28  
 
[debug] [2022-10-07T09:08:39.003Z] <<< HTTP RESPONSE 200
[debug] [2022-10-07T09:08:42.670Z] TypeError: Cannot read properties of undefined (reading 'wanted')
    at C:\Users\rahul\AppData\Roaming\npm\node_modules\firebase-tools\lib\checkFirebaseSDKVersion.js:37:51
    at processTicksAndRejections (node:internal/process/task_queues:96:5)
[error] 
[error] Error: An unexpected error has occurred.
[debug] [2022-10-07T09:10:32.127Z] ----------------------------------------------------------------------
[debug] [2022-10-07T09:10:32.130Z] Command:       C:\Program Files\nodejs\node.exe C:\Users\rahul\AppData\Roaming\npm\node_modules\firebase-tools\lib\bin\firebase.js deploy --only functions,hosting
[debug] [2022-10-07T09:10:32.130Z] CLI Version:   7.0.0
[debug] [2022-10-07T09:10:32.130Z] Platform:      win32
[debug] [2022-10-07T09:10:32.130Z] Node Version:  v16.16.0
[debug] [2022-10-07T09:10:32.137Z] Time:          Fri Oct 07 2022 14:40:32 GMT+0530 (India Standard Time)
[debug] [2022-10-07T09:10:32.137Z] ----------------------------------------------------------------------
[debug] 
[debug] [2022-10-07T09:10:32.150Z] > command requires scopes: ["email","openid","https://www.googleapis.com/auth/cloudplatformprojects.readonly","https://www.googleapis.com/auth/firebase","https://www.googleapis.com/auth/cloud-platform"]
[debug] [2022-10-07T09:10:32.152Z] > authorizing via signed-in user
[debug] [2022-10-07T09:10:32.152Z] [iam] checking project portfolio-dev-54a28 for permissions ["cloudfunctions.functions.create","cloudfunctions.functions.delete","cloudfunctions.functions.get","cloudfunctions.functions.list","cloudfunctions.functions.update","cloudfunctions.operations.get","firebase.projects.get","firebasehosting.sites.update"]
[debug] [2022-10-07T09:10:32.154Z] >>> HTTP REQUEST POST https://cloudresourcemanager.googleapis.com/v1/projects/portfolio-dev-54a28:testIamPermissions  

[debug] [2022-10-07T09:10:33.796Z] <<< HTTP RESPONSE 200
[debug] [2022-10-07T09:10:33.799Z] >>> HTTP REQUEST GET https://firebase.googleapis.com/v1beta1/projects/portfolio-dev-54a28  
 
[debug] [2022-10-07T09:10:34.614Z] <<< HTTP RESPONSE 200
[debug] [2022-10-07T09:10:39.145Z] TypeError: Cannot read properties of undefined (reading 'wanted')
    at C:\Users\rahul\AppData\Roaming\npm\node_modules\firebase-tools\lib\checkFirebaseSDKVersion.js:37:51
    at processTicksAndRejections (node:internal/process/task_queues:96:5)
[error] 
[error] Error: An unexpected error has occurred.
